wear/build/intermediates/manifest_merge_blame_file/debug/processDebugMainManifest/manifest-merger-blame-debug-report.txt
1<?xml version="1.0" encoding="utf-8"?>
2<manifest xmlns:android="http://schemas.android.com/apk/res/android"
3    package="com.mohgwatch"
4    android:versionCode="1"
5    android:versionName="1.0.0" >
6
7    <uses-sdk
8        android:minSdkVersion="30"
9        android:targetSdkVersion="34" />
10
11    <uses-feature android:name="android.hardware.type.watch" />
11-->src\main\AndroidManifest.xml:4:5-64
11-->src\main\AndroidManifest.xml:4:19-61
12
13    <uses-permission android:name="android.permission.WAKE_LOCK" />
13-->src\main\AndroidManifest.xml:6:5-68
13-->src\main\AndroidManifest.xml:6:22-65
14    <uses-permission android:name="android.permission.SET_WALLPAPER" />
14-->src\main\AndroidManifest.xml:7:5-72
14-->src\main\AndroidManifest.xml:7:22-69
15    <uses-permission android:name="android.permission.POST_NOTIFICATIONS" />
15-->src\main\AndroidManifest.xml:8:5-77
15-->src\main\AndroidManifest.xml:8:22-74
16
17    <queries>
17-->[androidx.wear.tiles:tiles:1.4.1] AndroidManifest.xml:7:5-11:15
18        <intent>
18-->[androidx.wear.tiles:tiles:1.4.1] AndroidManifest.xml:8:9-10:18
19            <action android:name="androidx.wear.tiles.action.BIND_UPDATE_REQUESTER" />
19-->[androidx.wear.tiles:tiles:1.4.1] AndroidManifest.xml:9:13-87
19-->[androidx.wear.tiles:tiles:1.4.1] AndroidManifest.xml:9:21-84
20        </intent>
21    </queries>
22
23    <permission
23-->[androidx.core:core:1.15.0] AndroidManifest.xml:22:5-24:47
24        android:name="com.mohgwatch.DYNAMIC_RECEIVER_NOT_EXPORTED_PERMISSION"
24-->[androidx.core:core:1.15.0] AndroidManifest.xml:23:9-81
25        android:protectionLevel="signature" />
25-->[androidx.core:core:1.15.0] AndroidManifest.xml:24:9-44
26
27    <uses-permission android:name="com.mohgwatch.DYNAMIC_RECEIVER_NOT_EXPORTED_PERMISSION" />
27-->[androidx.core:core:1.15.0] AndroidManifest.xml:26:5-97
27-->[androidx.core:core:1.15.0] AndroidManifest.xml:26:22-94
28
29    <application
29-->src\main\AndroidManifest.xml:10:5-358:19
30        android:name="com.mohgwatch.wear.MohgWatchApplication"
30-->src\main\AndroidManifest.xml:11:9-45
31        android:allowBackup="true"
31-->src\main\AndroidManifest.xml:12:9-35
32        android:appComponentFactory="androidx.core.app.CoreComponentFactory"
32-->[androidx.core:core:1.15.0] AndroidManifest.xml:28:18-86
33        android:debuggable="true"
34        android:extractNativeLibs="false"
35        android:icon="@mipmap/ic_launcher"
35-->src\main\AndroidManifest.xml:13:9-43
36        android:label="@string/app_name"
36-->src\main\AndroidManifest.xml:15:9-41
37        android:roundIcon="@mipmap/ic_launcher_round"
37-->src\main\AndroidManifest.xml:14:9-54
38        android:supportsRtl="true"
38-->src\main\AndroidManifest.xml:16:9-35
39        android:testOnly="true" >
40
41        <!-- Wear Main Activity -->
42        <activity
42-->src\main\AndroidManifest.xml:19:9-29:20
43            android:name="com.mohgwatch.wear.ui.WearActivity"
43-->src\main\AndroidManifest.xml:20:13-44
44            android:exported="true"
44-->src\main\AndroidManifest.xml:21:13-36
45            android:theme="@android:style/Theme.DeviceDefault" >
45-->src\main\AndroidManifest.xml:22:13-63
46            <intent-filter>
46-->src\main\AndroidManifest.xml:23:13-26:29
47                <action android:name="android.intent.action.MAIN" />
47-->src\main\AndroidManifest.xml:24:17-69
47-->src\main\AndroidManifest.xml:24:25-66
48
49                <category android:name="android.intent.category.LAUNCHER" />
49-->src\main\AndroidManifest.xml:25:17-77
49-->src\main\AndroidManifest.xml:25:27-74
50            </intent-filter>
51
52            <meta-data
52-->src\main\AndroidManifest.xml:27:13-123
53                android:name="android.support.wearable.watchface.preview"
53-->src\main\AndroidManifest.xml:27:24-81
54                android:resource="@mipmap/ic_launcher" />
54-->src\main\AndroidManifest.xml:27:82-120
55            <meta-data
55-->src\main\AndroidManifest.xml:28:13-132
56                android:name="android.support.wearable.watchface.preview_circular"
56-->src\main\AndroidManifest.xml:28:24-90
57                android:resource="@mipmap/ic_launcher" />
57-->src\main\AndroidManifest.xml:28:91-129
58        </activity>
59
60        <!-- Data Layer Listener — receives glucose from phone -->
61        <service
61-->src\main\AndroidManifest.xml:32:9-41:19
62            android:name="com.mohgwatch.wear.service.DataLayerListenerService"
62-->src\main\AndroidManifest.xml:33:13-61
63            android:exported="true" >
63-->src\main\AndroidManifest.xml:34:13-36
64            <intent-filter>
64-->src\main\AndroidManifest.xml:35:13-38:29
65                <action android:name="com.google.android.gms.wearable.DATA_CHANGED" />
65-->src\main\AndroidManifest.xml:36:17-87
65-->src\main\AndroidManifest.xml:36:25-84
66
67                <data
67-->src\main\AndroidManifest.xml:37:17-96
68                    android:host="*"
68-->src\main\AndroidManifest.xml:37:45-61
69                    android:pathPrefix="/mohgwatch"
69-->src\main\AndroidManifest.xml:37:62-93
70                    android:scheme="wear" />
70-->src\main\AndroidManifest.xml:37:23-44
71            </intent-filter>
72
73            <meta-data
73-->src\main\AndroidManifest.xml:27:13-123
74                android:name="android.support.wearable.watchface.preview"
74-->src\main\AndroidManifest.xml:27:24-81
75                android:resource="@mipmap/ic_launcher" />
75-->src\main\AndroidManifest.xml:27:82-120
76            <meta-data
76-->src\main\AndroidManifest.xml:28:13-132
77                android:name="android.support.wearable.watchface.preview_circular"
77-->src\main\AndroidManifest.xml:28:24-90
78                android:resource="@mipmap/ic_launcher" />
78-->src\main\AndroidManifest.xml:28:91-129
79        </service>
80
81        <!-- 1. Strzałka + Glukoza -->
82        <service
82-->src\main\AndroidManifest.xml:44:9-55:19
83            android:name="com.mohgwatch.wear.service.GlucoseTrendWhiteComplicationService"
83-->src\main\AndroidManifest.xml:45:13-73
84            android:exported="true"
84-->src\main\AndroidManifest.xml:46:13-36
85            android:icon="@drawable/ic_glucose"
85-->src\main\AndroidManifest.xml:48:13-48
86            android:label="Strzałka + Glukoza"
86-->src\main\AndroidManifest.xml:47:13-47
87            android:permission="com.google.android.wearable.permission.BIND_COMPLICATION_PROVIDER" >
87-->src\main\AndroidManifest.xml:49:13-99
88            <intent-filter>
88-->src\main\AndroidManifest.xml:50:13-52:29
89                <action android:name="android.support.wearable.complications.ACTION_COMPLICATION_UPDATE_REQUEST" />
89-->src\main\AndroidManifest.xml:51:17-116
89-->src\main\AndroidManifest.xml:51:25-113
90            </intent-filter>
91
92            <meta-data
92-->src\main\AndroidManifest.xml:53:13-144
93                android:name="android.support.wearable.complications.SUPPORTED_TYPES"
93-->src\main\AndroidManifest.xml:53:24-93
94                android:value="SMALL_IMAGE,MONOCHROMATIC_IMAGE" />
94-->src\main\AndroidManifest.xml:53:94-141
95            <meta-data
95-->src\main\AndroidManifest.xml:54:13-121
96                android:name="android.support.wearable.complications.UPDATE_PERIOD_SECONDS"
96-->src\main\AndroidManifest.xml:54:24-99
97                android:value="60" />
97-->src\main\AndroidManifest.xml:54:100-118
98        </service>
99
100        <!-- 2. Glukoza + Strzałka (Reversed) -->
101        <service
101-->src\main\AndroidManifest.xml:58:9-69:19
102            android:name="com.mohgwatch.wear.service.GlucoseAndTrendComplicationService"
102-->src\main\AndroidManifest.xml:59:13-71
103            android:exported="true"
103-->src\main\AndroidManifest.xml:60:13-36
104            android:icon="@drawable/ic_glucose"
104-->src\main\AndroidManifest.xml:62:13-48
105            android:label="Glukoza + Strzałka"
105-->src\main\AndroidManifest.xml:61:13-47
106            android:permission="com.google.android.wearable.permission.BIND_COMPLICATION_PROVIDER" >
106-->src\main\AndroidManifest.xml:63:13-99
107            <intent-filter>
107-->src\main\AndroidManifest.xml:50:13-52:29
108                <action android:name="android.support.wearable.complications.ACTION_COMPLICATION_UPDATE_REQUEST" />
108-->src\main\AndroidManifest.xml:51:17-116
108-->src\main\AndroidManifest.xml:51:25-113
109            </intent-filter>
110
111            <meta-data
111-->src\main\AndroidManifest.xml:53:13-144
112                android:name="android.support.wearable.complications.SUPPORTED_TYPES"
112-->src\main\AndroidManifest.xml:53:24-93
113                android:value="SMALL_IMAGE,MONOCHROMATIC_IMAGE" />
113-->src\main\AndroidManifest.xml:53:94-141
114            <meta-data
114-->src\main\AndroidManifest.xml:54:13-121
115                android:name="android.support.wearable.complications.UPDATE_PERIOD_SECONDS"
115-->src\main\AndroidManifest.xml:54:24-99
116                android:value="60" />
116-->src\main\AndroidManifest.xml:54:100-118
117        </service>
118
119        <!-- 3. Sama Glukoza -->
120        <service
120-->src\main\AndroidManifest.xml:72:9-83:19
121            android:name="com.mohgwatch.wear.service.GlucoseWhiteComplicationService"
121-->src\main\AndroidManifest.xml:73:13-68
122            android:exported="true"
122-->src\main\AndroidManifest.xml:74:13-36
123            android:icon="@drawable/ic_glucose"
123-->src\main\AndroidManifest.xml:76:13-48
124            android:label="Sama Glukoza"
124-->src\main\AndroidManifest.xml:75:13-41
125            android:permission="com.google.android.wearable.permission.BIND_COMPLICATION_PROVIDER" >
125-->src\main\AndroidManifest.xml:77:13-99
126            <intent-filter>
126-->src\main\AndroidManifest.xml:50:13-52:29
127                <action android:name="android.support.wearable.complications.ACTION_COMPLICATION_UPDATE_REQUEST" />
127-->src\main\AndroidManifest.xml:51:17-116
127-->src\main\AndroidManifest.xml:51:25-113
128            </intent-filter>
129
130            <meta-data
130-->src\main\AndroidManifest.xml:53:13-144
131                android:name="android.support.wearable.complications.SUPPORTED_TYPES"
131-->src\main\AndroidManifest.xml:53:24-93
132                android:value="SHORT_TEXT" />
132-->src\main\AndroidManifest.xml:53:94-141
133            <meta-data
133-->src\main\AndroidManifest.xml:54:13-121
134                android:name="android.support.wearable.complications.UPDATE_PERIOD_SECONDS"
134-->src\main\AndroidManifest.xml:54:24-99
135                android:value="60" />
135-->src\main\AndroidManifest.xml:54:100-118
136        </service>
137
138        <!-- 4. Sama Strzałka -->
139        <service
139-->src\main\AndroidManifest.xml:86:9-97:19
140            android:name="com.mohgwatch.wear.service.TrendWhiteComplicationService"
140-->src\main\AndroidManifest.xml:87:13-66
141            android:exported="true"
141-->src\main\AndroidManifest.xml:88:13-36
142            android:icon="@drawable/ic_trend_stable"
142-->src\main\AndroidManifest.xml:90:13-53
143            android:label="Sama Strzałka"
143-->src\main\AndroidManifest.xml:89:13-42
144            android:permission="com.google.android.wearable.permission.BIND_COMPLICATION_PROVIDER" >
144-->src\main\AndroidManifest.xml:91:13-99
145            <intent-filter>
145-->src\main\AndroidManifest.xml:50:13-52:29
146                <action android:name="android.support.wearable.complications.ACTION_COMPLICATION_UPDATE_REQUEST" />
146-->src\main\AndroidManifest.xml:51:17-116
146-->src\main\AndroidManifest.xml:51:25-113
147            </intent-filter>
148
149            <meta-data
149-->src\main\AndroidManifest.xml:53:13-144
150                android:name="android.support.wearable.complications.SUPPORTED_TYPES"
150-->src\main\AndroidManifest.xml:53:24-93
151                android:value="SMALL_IMAGE,MONOCHROMATIC_IMAGE" />
151-->src\main\AndroidManifest.xml:53:94-141
152            <meta-data
152-->src\main\AndroidManifest.xml:54:13-121
153                android:name="android.support.wearable.complications.UPDATE_PERIOD_SECONDS"
153-->src\main\AndroidManifest.xml:54:24-99
154                android:value="60" />
154-->src\main\AndroidManifest.xml:54:100-118
155        </service>
156
157        <!-- 12h History Tile -->
158        <service
158-->src\main\AndroidManifest.xml:100:9-110:19
159            android:name="com.mohgwatch.wear.service.GlucoseHistoryTileService"
159-->src\main\AndroidManifest.xml:101:13-62
160            android:exported="true"
160-->src\main\AndroidManifest.xml:102:13-36
161            android:label="@string/history_tile_label"
161-->src\main\AndroidManifest.xml:103:13-55
162            android:permission="com.google.android.wearable.permission.BIND_TILE_PROVIDER" >
162-->src\main\AndroidManifest.xml:104:13-91
163            <intent-filter>
163-->src\main\AndroidManifest.xml:105:13-107:29
164                <action android:name="androidx.wear.tiles.action.BIND_TILE_PROVIDER" />
164-->src\main\AndroidManifest.xml:106:17-88
164-->src\main\AndroidManifest.xml:106:25-85
165            </intent-filter>
166
167            <meta-data
167-->src\main\AndroidManifest.xml:27:13-123
168                android:name="android.support.wearable.watchface.preview"
168-->src\main\AndroidManifest.xml:27:24-81
169                android:resource="@mipmap/ic_launcher" />
169-->src\main\AndroidManifest.xml:27:82-120
170            <meta-data
170-->src\main\AndroidManifest.xml:28:13-132
171                android:name="android.support.wearable.watchface.preview_circular"
171-->src\main\AndroidManifest.xml:28:24-90
172                android:resource="@mipmap/ic_launcher" />
172-->src\main\AndroidManifest.xml:28:91-129
173        </service>
174
175        <!-- WFF WATCH FACES (Digital) -->
176        <service
176-->src\main\AndroidManifest.xml:113:9-127:19
177            android:name="com.mohgwatch.wear.watchface.D1ClassicWatchFace"
177-->src\main\AndroidManifest.xml:114:13-57
178            android:exported="true"
178-->src\main\AndroidManifest.xml:115:13-36
179            android:icon="@mipmap/ic_launcher"
179-->src\main\AndroidManifest.xml:117:13-47
180            android:label="MohgWatch Classic"
180-->src\main\AndroidManifest.xml:116:13-46
181            android:permission="android.permission.BIND_WALLPAPER" >
181-->src\main\AndroidManifest.xml:118:13-67
182            <intent-filter>
182-->src\main\AndroidManifest.xml:119:13-122:29
183                <action android:name="android.service.wallpaper.WallpaperService" />
183-->src\main\AndroidManifest.xml:120:17-85
183-->src\main\AndroidManifest.xml:120:25-82
184
185                <category android:name="com.google.android.wearable.watchface.category.WATCH_FACE" />
185-->src\main\AndroidManifest.xml:121:17-102
185-->src\main\AndroidManifest.xml:121:27-99
186            </intent-filter>
187
188            <meta-data
188-->src\main\AndroidManifest.xml:27:13-123
189                android:name="android.support.wearable.watchface.preview"
189-->src\main\AndroidManifest.xml:27:24-81
190                android:resource="@mipmap/ic_launcher" />
190-->src\main\AndroidManifest.xml:27:82-120
191            <meta-data
191-->src\main\AndroidManifest.xml:28:13-132
192                android:name="android.support.wearable.watchface.preview_circular"
192-->src\main\AndroidManifest.xml:28:24-90
193                android:resource="@mipmap/ic_launcher" />
193-->src\main\AndroidManifest.xml:28:91-129
194            <meta-data
194-->src\main\AndroidManifest.xml:125:13-107
195                android:name="android.service.wallpaper"
195-->src\main\AndroidManifest.xml:125:24-64
196                android:resource="@xml/watch_face_info" />
196-->src\main\AndroidManifest.xml:125:65-104
197            <meta-data
197-->src\main\AndroidManifest.xml:126:13-130
198                android:name="com.google.android.wearable.watchface.declarative"
198-->src\main\AndroidManifest.xml:126:24-88
199                android:resource="@raw/wff_d1_classic" />
199-->src\main\AndroidManifest.xml:126:89-127
200        </service>
201        <service
201-->src\main\AndroidManifest.xml:129:9-143:19
202            android:name="com.mohgwatch.wear.watchface.D2NeonPulseWatchFace"
202-->src\main\AndroidManifest.xml:130:13-59
203            android:exported="true"
203-->src\main\AndroidManifest.xml:131:13-36
204            android:icon="@mipmap/ic_launcher"
204-->src\main\AndroidManifest.xml:133:13-47
205            android:label="Neon Pulse"
205-->src\main\AndroidManifest.xml:132:13-39
206            android:permission="android.permission.BIND_WALLPAPER" >
206-->src\main\AndroidManifest.xml:134:13-67
207            <intent-filter>
207-->src\main\AndroidManifest.xml:119:13-122:29
208                <action android:name="android.service.wallpaper.WallpaperService" />
208-->src\main\AndroidManifest.xml:120:17-85
208-->src\main\AndroidManifest.xml:120:25-82
209
210                <category android:name="com.google.android.wearable.watchface.category.WATCH_FACE" />
210-->src\main\AndroidManifest.xml:121:17-102
210-->src\main\AndroidManifest.xml:121:27-99
211            </intent-filter>
212
213            <meta-data
213-->src\main\AndroidManifest.xml:27:13-123
214                android:name="android.support.wearable.watchface.preview"
214-->src\main\AndroidManifest.xml:27:24-81
215                android:resource="@mipmap/ic_launcher" />
215-->src\main\AndroidManifest.xml:27:82-120
216            <meta-data
216-->src\main\AndroidManifest.xml:28:13-132
217                android:name="android.support.wearable.watchface.preview_circular"
217-->src\main\AndroidManifest.xml:28:24-90
218                android:resource="@mipmap/ic_launcher" />
218-->src\main\AndroidManifest.xml:28:91-129
219            <meta-data
219-->src\main\AndroidManifest.xml:125:13-107
220                android:name="android.service.wallpaper"
220-->src\main\AndroidManifest.xml:125:24-64
221                android:resource="@xml/watch_face_info" />
221-->src\main\AndroidManifest.xml:125:65-104
222            <meta-data
222-->src\main\AndroidManifest.xml:126:13-130
223                android:name="com.google.android.wearable.watchface.declarative"
223-->src\main\AndroidManifest.xml:126:24-88
224                android:resource="@raw/wff_d2_neon_pulse" />
224-->src\main\AndroidManifest.xml:126:89-127
225        </service>
226        <service
226-->src\main\AndroidManifest.xml:145:9-159:19
227            android:name="com.mohgwatch.wear.watchface.D3MinimalWhiteWatchFace"
227-->src\main\AndroidManifest.xml:146:13-62
228            android:exported="true"
228-->src\main\AndroidManifest.xml:147:13-36
229            android:icon="@mipmap/ic_launcher"
229-->src\main\AndroidManifest.xml:149:13-47
230            android:label="Minimal White"
230-->src\main\AndroidManifest.xml:148:13-42
231            android:permission="android.permission.BIND_WALLPAPER" >
231-->src\main\AndroidManifest.xml:150:13-67
232            <intent-filter>
232-->src\main\AndroidManifest.xml:119:13-122:29
233                <action android:name="android.service.wallpaper.WallpaperService" />
233-->src\main\AndroidManifest.xml:120:17-85
233-->src\main\AndroidManifest.xml:120:25-82
234
235                <category android:name="com.google.android.wearable.watchface.category.WATCH_FACE" />
235-->src\main\AndroidManifest.xml:121:17-102
235-->src\main\AndroidManifest.xml:121:27-99
236            </intent-filter>
237
238            <meta-data
238-->src\main\AndroidManifest.xml:27:13-123
239                android:name="android.support.wearable.watchface.preview"
239-->src\main\AndroidManifest.xml:27:24-81
240                android:resource="@mipmap/ic_launcher" />
240-->src\main\AndroidManifest.xml:27:82-120
241            <meta-data
241-->src\main\AndroidManifest.xml:28:13-132
242                android:name="android.support.wearable.watchface.preview_circular"
242-->src\main\AndroidManifest.xml:28:24-90
243                android:resource="@mipmap/ic_launcher" />
243-->src\main\AndroidManifest.xml:28:91-129
244            <meta-data
244-->src\main\AndroidManifest.xml:125:13-107
245                android:name="android.service.wallpaper"
245-->src\main\AndroidManifest.xml:125:24-64
246                android:resource="@xml/watch_face_info" />
246-->src\main\AndroidManifest.xml:125:65-104
247            <meta-data
247-->src\main\AndroidManifest.xml:126:13-130
248                android:name="com.google.android.wearable.watchface.declarative"
248-->src\main\AndroidManifest.xml:126:24-88
249                android:resource="@raw/wff_d3_minimal_white" />
249-->src\main\AndroidManifest.xml:126:89-127
250        </service>
251        <service
251-->src\main\AndroidManifest.xml:161:9-175:19
252            android:name="com.mohgwatch.wear.watchface.D4DashboardWatchFace"
252-->src\main\AndroidManifest.xml:162:13-59
253            android:exported="true"
253-->src\main\AndroidManifest.xml:163:13-36
254            android:icon="@mipmap/ic_launcher"
254-->src\main\AndroidManifest.xml:165:13-47
255            android:label="Dashboard"
255-->src\main\AndroidManifest.xml:164:13-38
256            android:permission="android.permission.BIND_WALLPAPER" >
256-->src\main\AndroidManifest.xml:166:13-67
257            <intent-filter>
257-->src\main\AndroidManifest.xml:119:13-122:29
258                <action android:name="android.service.wallpaper.WallpaperService" />
258-->src\main\AndroidManifest.xml:120:17-85
258-->src\main\AndroidManifest.xml:120:25-82
259
260                <category android:name="com.google.android.wearable.watchface.category.WATCH_FACE" />
260-->src\main\AndroidManifest.xml:121:17-102
260-->src\main\AndroidManifest.xml:121:27-99
261            </intent-filter>
262
263            <meta-data
263-->src\main\AndroidManifest.xml:27:13-123
264                android:name="android.support.wearable.watchface.preview"
264-->src\main\AndroidManifest.xml:27:24-81
265                android:resource="@mipmap/ic_launcher" />
265-->src\main\AndroidManifest.xml:27:82-120
266            <meta-data
266-->src\main\AndroidManifest.xml:28:13-132
267                android:name="android.support.wearable.watchface.preview_circular"
267-->src\main\AndroidManifest.xml:28:24-90
268                android:resource="@mipmap/ic_launcher" />
268-->src\main\AndroidManifest.xml:28:91-129
269            <meta-data
269-->src\main\AndroidManifest.xml:125:13-107
270                android:name="android.service.wallpaper"
270-->src\main\AndroidManifest.xml:125:24-64
271                android:resource="@xml/watch_face_info" />
271-->src\main\AndroidManifest.xml:125:65-104
272            <meta-data
272-->src\main\AndroidManifest.xml:126:13-130
273                android:name="com.google.android.wearable.watchface.declarative"
273-->src\main\AndroidManifest.xml:126:24-88
274                android:resource="@raw/wff_d4_dashboard" />
274-->src\main\AndroidManifest.xml:126:89-127
275        </service>
276        <service
276-->src\main\AndroidManifest.xml:177:9-191:19
277            android:name="com.mohgwatch.wear.watchface.D5NightModeWatchFace"
277-->src\main\AndroidManifest.xml:178:13-59
278            android:exported="true"
278-->src\main\AndroidManifest.xml:179:13-36
279            android:icon="@mipmap/ic_launcher"
279-->src\main\AndroidManifest.xml:181:13-47
280            android:label="Night Mode"
280-->src\main\AndroidManifest.xml:180:13-39
281            android:permission="android.permission.BIND_WALLPAPER" >
281-->src\main\AndroidManifest.xml:182:13-67
282            <intent-filter>
282-->src\main\AndroidManifest.xml:119:13-122:29
283                <action android:name="android.service.wallpaper.WallpaperService" />
283-->src\main\AndroidManifest.xml:120:17-85
283-->src\main\AndroidManifest.xml:120:25-82
284
285                <category android:name="com.google.android.wearable.watchface.category.WATCH_FACE" />
285-->src\main\AndroidManifest.xml:121:17-102
285-->src\main\AndroidManifest.xml:121:27-99
286            </intent-filter>
287
288            <meta-data
288-->src\main\AndroidManifest.xml:27:13-123
289                android:name="android.support.wearable.watchface.preview"
289-->src\main\AndroidManifest.xml:27:24-81
290                android:resource="@mipmap/ic_launcher" />
290-->src\main\AndroidManifest.xml:27:82-120
291            <meta-data
291-->src\main\AndroidManifest.xml:28:13-132
292                android:name="android.support.wearable.watchface.preview_circular"
292-->src\main\AndroidManifest.xml:28:24-90
293                android:resource="@mipmap/ic_launcher" />
293-->src\main\AndroidManifest.xml:28:91-129
294            <meta-data
294-->src\main\AndroidManifest.xml:125:13-107
295                android:name="android.service.wallpaper"
295-->src\main\AndroidManifest.xml:125:24-64
296                android:resource="@xml/watch_face_info" />
296-->src\main\AndroidManifest.xml:125:65-104
297            <meta-data
297-->src\main\AndroidManifest.xml:126:13-130
298                android:name="com.google.android.wearable.watchface.declarative"
298-->src\main\AndroidManifest.xml:126:24-88
299                android:resource="@raw/wff_d5_night_mode" />
299-->src\main\AndroidManifest.xml:126:89-127
300        </service>
301
302        <!-- WFF WATCH FACES (Analog) -->
303        <service
303-->src\main\AndroidManifest.xml:194:9-208:19
304            android:name="com.mohgwatch.wear.watchface.A1SwissHeritageWatchFace"
304-->src\main\AndroidManifest.xml:195:13-63
305            android:exported="true"
305-->src\main\AndroidManifest.xml:196:13-36
306            android:icon="@mipmap/ic_launcher"
306-->src\main\AndroidManifest.xml:198:13-47
307            android:label="Swiss Heritage"
307-->src\main\AndroidManifest.xml:197:13-43
308            android:permission="android.permission.BIND_WALLPAPER" >
308-->src\main\AndroidManifest.xml:199:13-67
309            <intent-filter>
309-->src\main\AndroidManifest.xml:119:13-122:29
310                <action android:name="android.service.wallpaper.WallpaperService" />
310-->src\main\AndroidManifest.xml:120:17-85
310-->src\main\AndroidManifest.xml:120:25-82
311
312                <category android:name="com.google.android.wearable.watchface.category.WATCH_FACE" />
312-->src\main\AndroidManifest.xml:121:17-102
312-->src\main\AndroidManifest.xml:121:27-99
313            </intent-filter>
314
315            <meta-data
315-->src\main\AndroidManifest.xml:27:13-123
316                android:name="android.support.wearable.watchface.preview"
316-->src\main\AndroidManifest.xml:27:24-81
317                android:resource="@mipmap/ic_launcher" />
317-->src\main\AndroidManifest.xml:27:82-120
318            <meta-data
318-->src\main\AndroidManifest.xml:28:13-132
319                android:name="android.support.wearable.watchface.preview_circular"
319-->src\main\AndroidManifest.xml:28:24-90
320                android:resource="@mipmap/ic_launcher" />
320-->src\main\AndroidManifest.xml:28:91-129
321            <meta-data
321-->src\main\AndroidManifest.xml:125:13-107
322                android:name="android.service.wallpaper"
322-->src\main\AndroidManifest.xml:125:24-64
323                android:resource="@xml/watch_face_info" />
323-->src\main\AndroidManifest.xml:125:65-104
324            <meta-data
324-->src\main\AndroidManifest.xml:126:13-130
325                android:name="com.google.android.wearable.watchface.declarative"
325-->src\main\AndroidManifest.xml:126:24-88
326                android:resource="@raw/wff_a1_swiss_heritage" />
326-->src\main\AndroidManifest.xml:126:89-127
327        </service>
328        <service
328-->src\main\AndroidManifest.xml:210:9-224:19
329            android:name="com.mohgwatch.wear.watchface.A2DiverProWatchFace"
329-->src\main\AndroidManifest.xml:211:13-58
330            android:exported="true"
330-->src\main\AndroidManifest.xml:212:13-36
331            android:icon="@mipmap/ic_launcher"
331-->src\main\AndroidManifest.xml:214:13-47
332            android:label="Diver Pro"
332-->src\main\AndroidManifest.xml:213:13-38
333            android:permission="android.permission.BIND_WALLPAPER" >
333-->src\main\AndroidManifest.xml:215:13-67
334            <intent-filter>
334-->src\main\AndroidManifest.xml:119:13-122:29
335                <action android:name="android.service.wallpaper.WallpaperService" />
335-->src\main\AndroidManifest.xml:120:17-85
335-->src\main\AndroidManifest.xml:120:25-82
336
337                <category android:name="com.google.android.wearable.watchface.category.WATCH_FACE" />
337-->src\main\AndroidManifest.xml:121:17-102
337-->src\main\AndroidManifest.xml:121:27-99
338            </intent-filter>
339
340            <meta-data
340-->src\main\AndroidManifest.xml:27:13-123
341                android:name="android.support.wearable.watchface.preview"
341-->src\main\AndroidManifest.xml:27:24-81
342                android:resource="@mipmap/ic_launcher" />
342-->src\main\AndroidManifest.xml:27:82-120
343            <meta-data
343-->src\main\AndroidManifest.xml:28:13-132
344                android:name="android.support.wearable.watchface.preview_circular"
344-->src\main\AndroidManifest.xml:28:24-90
345                android:resource="@mipmap/ic_launcher" />
345-->src\main\AndroidManifest.xml:28:91-129
346            <meta-data
346-->src\main\AndroidManifest.xml:125:13-107
347                android:name="android.service.wallpaper"
347-->src\main\AndroidManifest.xml:125:24-64
348                android:resource="@xml/watch_face_info" />
348-->src\main\AndroidManifest.xml:125:65-104
349            <meta-data
349-->src\main\AndroidManifest.xml:126:13-130
350                android:name="com.google.android.wearable.watchface.declarative"
350-->src\main\AndroidManifest.xml:126:24-88
351                android:resource="@raw/wff_a2_diver_pro" />
351-->src\main\AndroidManifest.xml:126:89-127
352        </service>
353        <service
353-->src\main\AndroidManifest.xml:226:9-240:19